[05-Nov-2025 07:07:41 UTC] PHP Warning:  Undefined array key "DB_HOST" in C:\laragon\www\yogalife-teachers\config.php on line 25
[05-Nov-2025 07:07:41 UTC] PHP Warning:  Undefined array key "DB_USER" in C:\laragon\www\yogalife-teachers\config.php on line 26
[05-Nov-2025 07:07:41 UTC] PHP Warning:  Undefined array key "DB_PASS" in C:\laragon\www\yogalife-teachers\config.php on line 27
[05-Nov-2025 07:07:41 UTC] PHP Warning:  Undefined array key "DB_NAME" in C:\laragon\www\yogalife-teachers\config.php on line 28
[05-Nov-2025 07:07:41 UTC] Database connection failed: Plugin 'mysql_native_password' is not loaded
[05-Nov-2025 07:14:14 UTC] PHP Fatal error:  Uncaught Error: Class "TBSessionHandler" not found in C:\laragon\www\yogalife-teachers\config.php:41
Stack trace:
#0 C:\laragon\www\yogalife-teachers\index.php(3): require_once()
#1 {main}
  thrown in C:\laragon\www\yogalife-teachers\config.php on line 41
[05-Nov-2025 07:14:17 UTC] PHP Fatal error:  Uncaught Error: Class "TBSessionHandler" not found in C:\laragon\www\yogalife-teachers\config.php:41
Stack trace:
#0 C:\laragon\www\yogalife-teachers\index.php(3): require_once()
#1 {main}
  thrown in C:\laragon\www\yogalife-teachers\config.php on line 41
[05-Nov-2025 07:14:17 UTC] PHP Fatal error:  Uncaught Error: Class "TBSessionHandler" not found in C:\laragon\www\yogalife-teachers\config.php:41
Stack trace:
#0 C:\laragon\www\yogalife-teachers\index.php(3): require_once()
#1 {main}
  thrown in C:\laragon\www\yogalife-teachers\config.php on line 41
[05-Nov-2025 07:14:17 UTC] PHP Fatal error:  Uncaught Error: Class "TBSessionHandler" not found in C:\laragon\www\yogalife-teachers\config.php:41
Stack trace:
#0 C:\laragon\www\yogalife-teachers\index.php(3): require_once()
#1 {main}
  thrown in C:\laragon\www\yogalife-teachers\config.php on line 41
[05-Nov-2025 07:14:45 UTC] PHP Warning:  require_once(pages/teachers-listing.php): Failed to open stream: No such file or directory in C:\laragon\www\yogalife-teachers\index.php on line 17
[05-Nov-2025 07:14:45 UTC] PHP Fatal error:  Uncaught Error: Failed opening required 'pages/teachers-listing.php' (include_path='.;C:/laragon/etc/php/pear') in C:\laragon\www\yogalife-teachers\index.php:17
Stack trace:
#0 {main}
  thrown in C:\laragon\www\yogalife-teachers\index.php on line 17
[05-Nov-2025 07:14:47 UTC] PHP Warning:  require_once(pages/teachers-listing.php): Failed to open stream: No such file or directory in C:\laragon\www\yogalife-teachers\index.php on line 17
[05-Nov-2025 07:14:47 UTC] PHP Fatal error:  Uncaught Error: Failed opening required 'pages/teachers-listing.php' (include_path='.;C:/laragon/etc/php/pear') in C:\laragon\www\yogalife-teachers\index.php:17
Stack trace:
#0 {main}
  thrown in C:\laragon\www\yogalife-teachers\index.php on line 17
[05-Nov-2025 07:14:47 UTC] PHP Warning:  require_once(pages/teachers-listing.php): Failed to open stream: No such file or directory in C:\laragon\www\yogalife-teachers\index.php on line 17
[05-Nov-2025 07:14:47 UTC] PHP Fatal error:  Uncaught Error: Failed opening required 'pages/teachers-listing.php' (include_path='.;C:/laragon/etc/php/pear') in C:\laragon\www\yogalife-teachers\index.php:17
Stack trace:
#0 {main}
  thrown in C:\laragon\www\yogalife-teachers\index.php on line 17
[05-Nov-2025 07:14:47 UTC] PHP Warning:  require_once(pages/teachers-listing.php): Failed to open stream: No such file or directory in C:\laragon\www\yogalife-teachers\index.php on line 17
[05-Nov-2025 07:14:47 UTC] PHP Fatal error:  Uncaught Error: Failed opening required 'pages/teachers-listing.php' (include_path='.;C:/laragon/etc/php/pear') in C:\laragon\www\yogalife-teachers\index.php:17
Stack trace:
#0 {main}
  thrown in C:\laragon\www\yogalife-teachers\index.php on line 17
[05-Nov-2025 07:14:48 UTC] PHP Warning:  require_once(pages/teachers-listing.php): Failed to open stream: No such file or directory in C:\laragon\www\yogalife-teachers\index.php on line 17
[05-Nov-2025 07:14:48 UTC] PHP Fatal error:  Uncaught Error: Failed opening required 'pages/teachers-listing.php' (include_path='.;C:/laragon/etc/php/pear') in C:\laragon\www\yogalife-teachers\index.php:17
Stack trace:
#0 {main}
  thrown in C:\laragon\www\yogalife-teachers\index.php on line 17
[05-Nov-2025 07:14:48 UTC] PHP Warning:  require_once(pages/teachers-listing.php): Failed to open stream: No such file or directory in C:\laragon\www\yogalife-teachers\index.php on line 17
[05-Nov-2025 07:14:48 UTC] PHP Fatal error:  Uncaught Error: Failed opening required 'pages/teachers-listing.php' (include_path='.;C:/laragon/etc/php/pear') in C:\laragon\www\yogalife-teachers\index.php:17
Stack trace:
#0 {main}
  thrown in C:\laragon\www\yogalife-teachers\index.php on line 17
[05-Nov-2025 07:14:48 UTC] PHP Warning:  require_once(pages/teachers-listing.php): Failed to open stream: No such file or directory in C:\laragon\www\yogalife-teachers\index.php on line 17
[05-Nov-2025 07:14:48 UTC] PHP Fatal error:  Uncaught Error: Failed opening required 'pages/teachers-listing.php' (include_path='.;C:/laragon/etc/php/pear') in C:\laragon\www\yogalife-teachers\index.php:17
Stack trace:
#0 {main}
  thrown in C:\laragon\www\yogalife-teachers\index.php on line 17
[05-Nov-2025 07:14:49 UTC] PHP Warning:  require_once(pages/teachers-listing.php): Failed to open stream: No such file or directory in C:\laragon\www\yogalife-teachers\index.php on line 17
[05-Nov-2025 07:14:49 UTC] PHP Fatal error:  Uncaught Error: Failed opening required 'pages/teachers-listing.php' (include_path='.;C:/laragon/etc/php/pear') in C:\laragon\www\yogalife-teachers\index.php:17
Stack trace:
#0 {main}
  thrown in C:\laragon\www\yogalife-teachers\index.php on line 17
[05-Nov-2025 07:14:49 UTC] PHP Warning:  require_once(pages/teachers-listing.php): Failed to open stream: No such file or directory in C:\laragon\www\yogalife-teachers\index.php on line 17
[05-Nov-2025 07:14:49 UTC] PHP Fatal error:  Uncaught Error: Failed opening required 'pages/teachers-listing.php' (include_path='.;C:/laragon/etc/php/pear') in C:\laragon\www\yogalife-teachers\index.php:17
Stack trace:
#0 {main}
  thrown in C:\laragon\www\yogalife-teachers\index.php on line 17
[05-Nov-2025 07:14:49 UTC] PHP Warning:  require_once(pages/teachers-listing.php): Failed to open stream: No such file or directory in C:\laragon\www\yogalife-teachers\index.php on line 17
[05-Nov-2025 07:14:49 UTC] PHP Fatal error:  Uncaught Error: Failed opening required 'pages/teachers-listing.php' (include_path='.;C:/laragon/etc/php/pear') in C:\laragon\www\yogalife-teachers\index.php:17
Stack trace:
#0 {main}
  thrown in C:\laragon\www\yogalife-teachers\index.php on line 17
[05-Nov-2025 07:14:49 UTC] PHP Warning:  require_once(pages/teachers-listing.php): Failed to open stream: No such file or directory in C:\laragon\www\yogalife-teachers\index.php on line 17
[05-Nov-2025 07:14:49 UTC] PHP Fatal error:  Uncaught Error: Failed opening required 'pages/teachers-listing.php' (include_path='.;C:/laragon/etc/php/pear') in C:\laragon\www\yogalife-teachers\index.php:17
Stack trace:
#0 {main}
  thrown in C:\laragon\www\yogalife-teachers\index.php on line 17
[05-Nov-2025 07:14:49 UTC] PHP Warning:  require_once(pages/teachers-listing.php): Failed to open stream: No such file or directory in C:\laragon\www\yogalife-teachers\index.php on line 17
[05-Nov-2025 07:14:49 UTC] PHP Fatal error:  Uncaught Error: Failed opening required 'pages/teachers-listing.php' (include_path='.;C:/laragon/etc/php/pear') in C:\laragon\www\yogalife-teachers\index.php:17
Stack trace:
#0 {main}
  thrown in C:\laragon\www\yogalife-teachers\index.php on line 17
[05-Nov-2025 07:16:38 UTC] PHP Warning:  require_once(pages/teachers-listing.php): Failed to open stream: No such file or directory in C:\laragon\www\yogalife-teachers\index.php on line 17
[05-Nov-2025 07:16:38 UTC] PHP Fatal error:  Uncaught Error: Failed opening required 'pages/teachers-listing.php' (include_path='.;C:/laragon/etc/php/pear') in C:\laragon\www\yogalife-teachers\index.php:17
Stack trace:
#0 {main}
  thrown in C:\laragon\www\yogalife-teachers\index.php on line 17
[05-Nov-2025 07:21:52 UTC] PHP Warning:  require_once(pages/teachers-listing.php): Failed to open stream: No such file or directory in C:\laragon\www\yogalife-teachers\index.php on line 17
[05-Nov-2025 07:21:52 UTC] PHP Fatal error:  Uncaught Error: Failed opening required 'pages/teachers-listing.php' (include_path='.;C:/laragon/etc/php/pear') in C:\laragon\www\yogalife-teachers\index.php:17
Stack trace:
#0 {main}
  thrown in C:\laragon\www\yogalife-teachers\index.php on line 17
[05-Nov-2025 08:11:34 UTC] PHP Fatal error:  Uncaught mysqli_sql_exception: Table 'resellhub.teacher_applications' doesn't exist in C:\laragon\www\yogalife-teachers\backend\create-teacher.php:23
Stack trace:
#0 C:\laragon\www\yogalife-teachers\backend\create-teacher.php(23): mysqli->prepare('INSERT INTO tea...')
#1 {main}
  thrown in C:\laragon\www\yogalife-teachers\backend\create-teacher.php on line 23
[05-Nov-2025 08:16:10 UTC] PHP Fatal error:  Uncaught mysqli_sql_exception: Table 'resellhub.teacher_applications' doesn't exist in C:\laragon\www\yogalife-teachers\backend\create-teacher.php:24
Stack trace:
#0 C:\laragon\www\yogalife-teachers\backend\create-teacher.php(24): mysqli->prepare('INSERT INTO tea...')
#1 {main}
  thrown in C:\laragon\www\yogalife-teachers\backend\create-teacher.php on line 24
[05-Nov-2025 08:16:23 UTC] PHP Fatal error:  Uncaught mysqli_sql_exception: Table 'resellhub.teacher_applications' doesn't exist in C:\laragon\www\yogalife-teachers\backend\create-teacher.php:24
Stack trace:
#0 C:\laragon\www\yogalife-teachers\backend\create-teacher.php(24): mysqli->prepare('INSERT INTO tea...')
#1 {main}
  thrown in C:\laragon\www\yogalife-teachers\backend\create-teacher.php on line 24
[05-Nov-2025 09:58:18 UTC] PHP Fatal error:  Uncaught mysqli_sql_exception: Unknown column 'image_path' in 'field list' in C:\laragon\www\yogalife-teachers\backend\create-teacher.php:61
Stack trace:
#0 C:\laragon\www\yogalife-teachers\backend\create-teacher.php(61): mysqli->prepare('INSERT INTO tea...')
#1 {main}
  thrown in C:\laragon\www\yogalife-teachers\backend\create-teacher.php on line 61
[05-Nov-2025 10:00:04 UTC] PHP Warning:  Undefined array key "terms-acceptance" in C:\laragon\www\yogalife-teachers\backend\create-teacher.php on line 10
[05-Nov-2025 10:06:32 UTC] PHP Fatal error:  Uncaught mysqli_sql_exception: Unknown column 'image_path' in 'field list' in C:\laragon\www\yogalife-teachers\backend\create-teacher.php:58
Stack trace:
#0 C:\laragon\www\yogalife-teachers\backend\create-teacher.php(58): mysqli->prepare('INSERT INTO tea...')
#1 {main}
  thrown in C:\laragon\www\yogalife-teachers\backend\create-teacher.php on line 58
[05-Nov-2025 10:06:43 UTC] PHP Fatal error:  Uncaught mysqli_sql_exception: Unknown column 'image_path' in 'field list' in C:\laragon\www\yogalife-teachers\backend\create-teacher.php:58
Stack trace:
#0 C:\laragon\www\yogalife-teachers\backend\create-teacher.php(58): mysqli->prepare('INSERT INTO tea...')
#1 {main}
  thrown in C:\laragon\www\yogalife-teachers\backend\create-teacher.php on line 58
[05-Nov-2025 10:06:49 UTC] PHP Fatal error:  Uncaught mysqli_sql_exception: Unknown column 'image_path' in 'field list' in C:\laragon\www\yogalife-teachers\backend\create-teacher.php:58
Stack trace:
#0 C:\laragon\www\yogalife-teachers\backend\create-teacher.php(58): mysqli->prepare('INSERT INTO tea...')
#1 {main}
  thrown in C:\laragon\www\yogalife-teachers\backend\create-teacher.php on line 58
[05-Nov-2025 10:10:40 UTC] PHP Fatal error:  Uncaught mysqli_sql_exception: Unknown column 'image_path' in 'field list' in C:\laragon\www\yogalife-teachers\backend\create-teacher.php:55
Stack trace:
#0 C:\laragon\www\yogalife-teachers\backend\create-teacher.php(55): mysqli->prepare('INSERT INTO tea...')
#1 {main}
  thrown in C:\laragon\www\yogalife-teachers\backend\create-teacher.php on line 55
[05-Nov-2025 10:10:55 UTC] PHP Fatal error:  Uncaught mysqli_sql_exception: Unknown column 'image_path' in 'field list' in C:\laragon\www\yogalife-teachers\backend\create-teacher.php:55
Stack trace:
#0 C:\laragon\www\yogalife-teachers\backend\create-teacher.php(55): mysqli->prepare('INSERT INTO tea...')
#1 {main}
  thrown in C:\laragon\www\yogalife-teachers\backend\create-teacher.php on line 55
[05-Nov-2025 10:11:53 UTC] PHP Fatal error:  Uncaught mysqli_sql_exception: Unknown column 'image_path' in 'field list' in C:\laragon\www\yogalife-teachers\backend\create-teacher.php:55
Stack trace:
#0 C:\laragon\www\yogalife-teachers\backend\create-teacher.php(55): mysqli->prepare('INSERT INTO tea...')
#1 {main}
  thrown in C:\laragon\www\yogalife-teachers\backend\create-teacher.php on line 55
[05-Nov-2025 10:12:46 UTC] PHP Fatal error:  Uncaught mysqli_sql_exception: Unknown column 'image_path' in 'field list' in C:\laragon\www\yogalife-teachers\backend\create-teacher.php:56
Stack trace:
#0 C:\laragon\www\yogalife-teachers\backend\create-teacher.php(56): mysqli->prepare('INSERT INTO tea...')
#1 {main}
  thrown in C:\laragon\www\yogalife-teachers\backend\create-teacher.php on line 56
[05-Nov-2025 10:12:49 UTC] PHP Fatal error:  Uncaught mysqli_sql_exception: Unknown column 'image_path' in 'field list' in C:\laragon\www\yogalife-teachers\backend\create-teacher.php:56
Stack trace:
#0 C:\laragon\www\yogalife-teachers\backend\create-teacher.php(56): mysqli->prepare('INSERT INTO tea...')
#1 {main}
  thrown in C:\laragon\www\yogalife-teachers\backend\create-teacher.php on line 56
[05-Nov-2025 10:13:06 UTC] PHP Fatal error:  Uncaught mysqli_sql_exception: Unknown column 'image_path' in 'field list' in C:\laragon\www\yogalife-teachers\backend\create-teacher.php:56
Stack trace:
#0 C:\laragon\www\yogalife-teachers\backend\create-teacher.php(56): mysqli->prepare('INSERT INTO tea...')
#1 {main}
  thrown in C:\laragon\www\yogalife-teachers\backend\create-teacher.php on line 56
[05-Nov-2025 10:13:11 UTC] PHP Fatal error:  Uncaught mysqli_sql_exception: Unknown column 'image_path' in 'field list' in C:\laragon\www\yogalife-teachers\backend\create-teacher.php:56
Stack trace:
#0 C:\laragon\www\yogalife-teachers\backend\create-teacher.php(56): mysqli->prepare('INSERT INTO tea...')
#1 {main}
  thrown in C:\laragon\www\yogalife-teachers\backend\create-teacher.php on line 56
[05-Nov-2025 10:19:36 UTC] PHP Fatal error:  Uncaught mysqli_sql_exception: Unknown column 'image_path' in 'field list' in C:\laragon\www\yogalife-teachers\backend\create-teacher.php:59
Stack trace:
#0 C:\laragon\www\yogalife-teachers\backend\create-teacher.php(59): mysqli->prepare('INSERT INTO tea...')
#1 {main}
  thrown in C:\laragon\www\yogalife-teachers\backend\create-teacher.php on line 59
[05-Nov-2025 10:19:42 UTC] PHP Fatal error:  Uncaught mysqli_sql_exception: Unknown column 'image_path' in 'field list' in C:\laragon\www\yogalife-teachers\backend\create-teacher.php:59
Stack trace:
#0 C:\laragon\www\yogalife-teachers\backend\create-teacher.php(59): mysqli->prepare('INSERT INTO tea...')
#1 {main}
  thrown in C:\laragon\www\yogalife-teachers\backend\create-teacher.php on line 59
[05-Nov-2025 10:21:56 UTC] PHP Fatal error:  Uncaught mysqli_sql_exception: Unknown column 'image_path' in 'field list' in C:\laragon\www\yogalife-teachers\backend\create-teacher.php:59
Stack trace:
#0 C:\laragon\www\yogalife-teachers\backend\create-teacher.php(59): mysqli->prepare('INSERT INTO tea...')
#1 {main}
  thrown in C:\laragon\www\yogalife-teachers\backend\create-teacher.php on line 59
[05-Nov-2025 10:24:32 UTC] PHP Fatal error:  Uncaught mysqli_sql_exception: Unknown column 'image_path' in 'field list' in C:\laragon\www\yogalife-teachers\backend\create-teacher.php:64
Stack trace:
#0 C:\laragon\www\yogalife-teachers\backend\create-teacher.php(64): mysqli->prepare('INSERT INTO tea...')
#1 {main}
  thrown in C:\laragon\www\yogalife-teachers\backend\create-teacher.php on line 64
[05-Nov-2025 10:25:22 UTC] PHP Fatal error:  Uncaught mysqli_sql_exception: Unknown column 'image_path' in 'field list' in C:\laragon\www\yogalife-teachers\backend\create-teacher.php:64
Stack trace:
#0 C:\laragon\www\yogalife-teachers\backend\create-teacher.php(64): mysqli->prepare('INSERT INTO tea...')
#1 {main}
  thrown in C:\laragon\www\yogalife-teachers\backend\create-teacher.php on line 64
[05-Nov-2025 10:25:39 UTC] PHP Fatal error:  Uncaught mysqli_sql_exception: Unknown column 'image_path' in 'field list' in C:\laragon\www\yogalife-teachers\backend\create-teacher.php:64
Stack trace:
#0 C:\laragon\www\yogalife-teachers\backend\create-teacher.php(64): mysqli->prepare('INSERT INTO tea...')
#1 {main}
  thrown in C:\laragon\www\yogalife-teachers\backend\create-teacher.php on line 64
[05-Nov-2025 10:26:01 UTC] PHP Fatal error:  Uncaught mysqli_sql_exception: Unknown column 'image_path' in 'field list' in C:\laragon\www\yogalife-teachers\backend\create-teacher.php:64
Stack trace:
#0 C:\laragon\www\yogalife-teachers\backend\create-teacher.php(64): mysqli->prepare('INSERT INTO tea...')
#1 {main}
  thrown in C:\laragon\www\yogalife-teachers\backend\create-teacher.php on line 64
[05-Nov-2025 10:33:53 UTC] PHP Warning:  Undefined variable $pdo in C:\laragon\www\yogalife-teachers\backend\create-teacher.php on line 62
[05-Nov-2025 10:33:53 UTC] PHP Fatal error:  Uncaught Error: Call to a member function prepare() on null in C:\laragon\www\yogalife-teachers\backend\create-teacher.php:62
Stack trace:
#0 {main}
  thrown in C:\laragon\www\yogalife-teachers\backend\create-teacher.php on line 62
[05-Nov-2025 10:39:29 UTC] PHP Warning:  Undefined variable $pdo in C:\laragon\www\yogalife-teachers\backend\create-teacher.php on line 62
[05-Nov-2025 10:39:29 UTC] PHP Fatal error:  Uncaught Error: Call to a member function prepare() on null in C:\laragon\www\yogalife-teachers\backend\create-teacher.php:62
Stack trace:
#0 {main}
  thrown in C:\laragon\www\yogalife-teachers\backend\create-teacher.php on line 62
[05-Nov-2025 10:40:03 UTC] PHP Warning:  Undefined variable $pdo in C:\laragon\www\yogalife-teachers\backend\create-teacher.php on line 62
[05-Nov-2025 10:40:03 UTC] PHP Fatal error:  Uncaught Error: Call to a member function prepare() on null in C:\laragon\www\yogalife-teachers\backend\create-teacher.php:62
Stack trace:
#0 {main}
  thrown in C:\laragon\www\yogalife-teachers\backend\create-teacher.php on line 62
[05-Nov-2025 10:41:33 UTC] PHP Warning:  Undefined variable $pdo in C:\laragon\www\yogalife-teachers\backend\create-teacher.php on line 61
[05-Nov-2025 10:41:33 UTC] PHP Fatal error:  Uncaught Error: Call to a member function prepare() on null in C:\laragon\www\yogalife-teachers\backend\create-teacher.php:61
Stack trace:
#0 {main}
  thrown in C:\laragon\www\yogalife-teachers\backend\create-teacher.php on line 61
[05-Nov-2025 10:46:41 UTC] PHP Warning:  Undefined variable $pdo in C:\laragon\www\yogalife-teachers\backend\create-teacher.php on line 61
[05-Nov-2025 10:46:41 UTC] PHP Fatal error:  Uncaught Error: Call to a member function prepare() on null in C:\laragon\www\yogalife-teachers\backend\create-teacher.php:61
Stack trace:
#0 {main}
  thrown in C:\laragon\www\yogalife-teachers\backend\create-teacher.php on line 61
[05-Nov-2025 10:48:05 UTC] PHP Warning:  Undefined variable $pdo in C:\laragon\www\yogalife-teachers\backend\create-teacher.php on line 19
[05-Nov-2025 10:48:05 UTC] PHP Fatal error:  Uncaught Error: Call to a member function prepare() on null in C:\laragon\www\yogalife-teachers\backend\create-teacher.php:19
Stack trace:
#0 {main}
  thrown in C:\laragon\www\yogalife-teachers\backend\create-teacher.php on line 19
[05-Nov-2025 10:48:08 UTC] PHP Warning:  Undefined variable $pdo in C:\laragon\www\yogalife-teachers\backend\create-teacher.php on line 19
[05-Nov-2025 10:48:08 UTC] PHP Fatal error:  Uncaught Error: Call to a member function prepare() on null in C:\laragon\www\yogalife-teachers\backend\create-teacher.php:19
Stack trace:
#0 {main}
  thrown in C:\laragon\www\yogalife-teachers\backend\create-teacher.php on line 19
[05-Nov-2025 10:48:11 UTC] PHP Warning:  Undefined variable $pdo in C:\laragon\www\yogalife-teachers\backend\create-teacher.php on line 19
[05-Nov-2025 10:48:11 UTC] PHP Fatal error:  Uncaught Error: Call to a member function prepare() on null in C:\laragon\www\yogalife-teachers\backend\create-teacher.php:19
Stack trace:
#0 {main}
  thrown in C:\laragon\www\yogalife-teachers\backend\create-teacher.php on line 19
[05-Nov-2025 10:50:29 UTC] PHP Warning:  Undefined variable $pdo in C:\laragon\www\yogalife-teachers\backend\create-teacher.php on line 19
[05-Nov-2025 10:50:29 UTC] PHP Fatal error:  Uncaught Error: Call to a member function prepare() on null in C:\laragon\www\yogalife-teachers\backend\create-teacher.php:19
Stack trace:
#0 {main}
  thrown in C:\laragon\www\yogalife-teachers\backend\create-teacher.php on line 19
[05-Nov-2025 10:50:38 UTC] PHP Warning:  Undefined variable $pdo in C:\laragon\www\yogalife-teachers\backend\create-teacher.php on line 19
[05-Nov-2025 10:50:38 UTC] PHP Fatal error:  Uncaught Error: Call to a member function prepare() on null in C:\laragon\www\yogalife-teachers\backend\create-teacher.php:19
Stack trace:
#0 {main}
  thrown in C:\laragon\www\yogalife-teachers\backend\create-teacher.php on line 19
[05-Nov-2025 10:50:43 UTC] PHP Warning:  Undefined variable $pdo in C:\laragon\www\yogalife-teachers\backend\create-teacher.php on line 19
[05-Nov-2025 10:50:43 UTC] PHP Fatal error:  Uncaught Error: Call to a member function prepare() on null in C:\laragon\www\yogalife-teachers\backend\create-teacher.php:19
Stack trace:
#0 {main}
  thrown in C:\laragon\www\yogalife-teachers\backend\create-teacher.php on line 19
[05-Nov-2025 10:52:11 UTC] PHP Warning:  Undefined variable $pdo in C:\laragon\www\yogalife-teachers\backend\create-teacher.php on line 20
[05-Nov-2025 10:52:11 UTC] PHP Fatal error:  Uncaught Error: Call to a member function prepare() on null in C:\laragon\www\yogalife-teachers\backend\create-teacher.php:20
Stack trace:
#0 {main}
  thrown in C:\laragon\www\yogalife-teachers\backend\create-teacher.php on line 20
[05-Nov-2025 10:54:04 UTC] PHP Warning:  Undefined variable $pdo in C:\laragon\www\yogalife-teachers\backend\create-teacher.php on line 25
[05-Nov-2025 10:54:04 UTC] PHP Fatal error:  Uncaught Error: Call to a member function prepare() on null in C:\laragon\www\yogalife-teachers\backend\create-teacher.php:25
Stack trace:
#0 {main}
  thrown in C:\laragon\www\yogalife-teachers\backend\create-teacher.php on line 25
[05-Nov-2025 11:10:18 UTC] PHP Fatal error:  Uncaught mysqli_sql_exception: Unknown column 'image_path' in 'field list' in C:\laragon\www\yogalife-teachers\backend\read-teacher.php:6
Stack trace:
#0 C:\laragon\www\yogalife-teachers\backend\read-teacher.php(6): mysqli->query('SELECT id, full...')
#1 {main}
  thrown in C:\laragon\www\yogalife-teachers\backend\read-teacher.php on line 6
[05-Nov-2025 11:10:56 UTC] PHP Fatal error:  Uncaught mysqli_sql_exception: Unknown column 'image_path' in 'field list' in C:\laragon\www\yogalife-teachers\backend\read-teacher.php:6
Stack trace:
#0 C:\laragon\www\yogalife-teachers\backend\read-teacher.php(6): mysqli->query('SELECT id, full...')
#1 {main}
  thrown in C:\laragon\www\yogalife-teachers\backend\read-teacher.php on line 6
[05-Nov-2025 11:14:36 UTC] PHP Fatal error:  Uncaught mysqli_sql_exception: Unknown column 'image_path' in 'field list' in C:\laragon\www\yogalife-teachers\backend\read-teacher.php:6
Stack trace:
#0 C:\laragon\www\yogalife-teachers\backend\read-teacher.php(6): mysqli->query('SELECT id, full...')
#1 {main}
  thrown in C:\laragon\www\yogalife-teachers\backend\read-teacher.php on line 6
[05-Nov-2025 11:24:53 UTC] PHP Fatal error:  Uncaught mysqli_sql_exception: Unknown column 'image_path' in 'field list' in C:\laragon\www\yogalife-teachers\backend\read-teacher.php:10
Stack trace:
#0 C:\laragon\www\yogalife-teachers\backend\read-teacher.php(10): mysqli->query('SELECT id, full...')
#1 {main}
  thrown in C:\laragon\www\yogalife-teachers\backend\read-teacher.php on line 10
[05-Nov-2025 11:25:14 UTC] PHP Fatal error:  Uncaught mysqli_sql_exception: Unknown column 'image_path' in 'field list' in C:\laragon\www\yogalife-teachers\backend\read-teacher.php:10
Stack trace:
#0 C:\laragon\www\yogalife-teachers\backend\read-teacher.php(10): mysqli->query('SELECT id, full...')
#1 {main}
  thrown in C:\laragon\www\yogalife-teachers\backend\read-teacher.php on line 10
[05-Nov-2025 11:25:18 UTC] PHP Fatal error:  Uncaught mysqli_sql_exception: Unknown column 'image_path' in 'field list' in C:\laragon\www\yogalife-teachers\backend\read-teacher.php:10
Stack trace:
#0 C:\laragon\www\yogalife-teachers\backend\read-teacher.php(10): mysqli->query('SELECT id, full...')
#1 {main}
  thrown in C:\laragon\www\yogalife-teachers\backend\read-teacher.php on line 10
[05-Nov-2025 11:26:48 UTC] PHP Fatal error:  Uncaught mysqli_sql_exception: Unknown column 'image_path' in 'field list' in C:\laragon\www\yogalife-teachers\backend\read-teacher.php:10
Stack trace:
#0 C:\laragon\www\yogalife-teachers\backend\read-teacher.php(10): mysqli->query('SELECT id, full...')
#1 {main}
  thrown in C:\laragon\www\yogalife-teachers\backend\read-teacher.php on line 10
[05-Nov-2025 11:28:05 UTC] PHP Fatal error:  Uncaught mysqli_sql_exception: Unknown column 'image_path' in 'field list' in C:\laragon\www\yogalife-teachers\backend\read-teacher.php:10
Stack trace:
#0 C:\laragon\www\yogalife-teachers\backend\read-teacher.php(10): mysqli->query('SELECT id, full...')
#1 {main}
  thrown in C:\laragon\www\yogalife-teachers\backend\read-teacher.php on line 10
